<?xml version="1.0" encoding="UTF-8"?>
<testsuite xmlns:xsi="http://www.w3.org/2001/XMLSchema-instance" xsi:noNamespaceSchemaLocation="https://maven.apache.org/surefire/maven-surefire-plugin/xsd/surefire-test-report.xsd" name="com.epam.rd.autotasks.ThreadUnionTest" time="0.236" tests="8" errors="0" skipped="0" failures="0">
  <properties>
    <property name="java.specification.version" value="17"/>
    <property name="sun.jnu.encoding" value="UTF-8"/>
    <property name="java.class.path" value="/home/mate/IdeaProjects/thread-factoring/target/test-classes:/home/mate/IdeaProjects/thread-factoring/target/classes:/home/mate/.m2/repository/com/google/guava/guava/23.0/guava-23.0.jar:/home/mate/.m2/repository/com/google/code/findbugs/jsr305/1.3.9/jsr305-1.3.9.jar:/home/mate/.m2/repository/com/google/errorprone/error_prone_annotations/2.0.18/error_prone_annotations-2.0.18.jar:/home/mate/.m2/repository/com/google/j2objc/j2objc-annotations/1.1/j2objc-annotations-1.1.jar:/home/mate/.m2/repository/org/codehaus/mojo/animal-sniffer-annotations/1.14/animal-sniffer-annotations-1.14.jar:/home/mate/.m2/repository/org/junit/jupiter/junit-jupiter-engine/5.6.2/junit-jupiter-engine-5.6.2.jar:/home/mate/.m2/repository/org/apiguardian/apiguardian-api/1.1.0/apiguardian-api-1.1.0.jar:/home/mate/.m2/repository/org/junit/platform/junit-platform-engine/1.6.2/junit-platform-engine-1.6.2.jar:/home/mate/.m2/repository/org/junit/jupiter/junit-jupiter-params/5.6.2/junit-jupiter-params-5.6.2.jar:/home/mate/.m2/repository/org/junit/jupiter/junit-jupiter-api/5.6.2/junit-jupiter-api-5.6.2.jar:/home/mate/.m2/repository/org/opentest4j/opentest4j/1.2.0/opentest4j-1.2.0.jar:/home/mate/.m2/repository/org/junit/platform/junit-platform-commons/1.6.2/junit-platform-commons-1.6.2.jar:/home/mate/.m2/repository/org/mockito/mockito-core/3.4.0/mockito-core-3.4.0.jar:/home/mate/.m2/repository/net/bytebuddy/byte-buddy/1.10.10/byte-buddy-1.10.10.jar:/home/mate/.m2/repository/net/bytebuddy/byte-buddy-agent/1.10.10/byte-buddy-agent-1.10.10.jar:/home/mate/.m2/repository/org/objenesis/objenesis/2.6/objenesis-2.6.jar:/home/mate/.m2/repository/org/jetbrains/annotations/24.0.1/annotations-24.0.1.jar:"/>
    <property name="java.vm.vendor" value="JetBrains s.r.o."/>
    <property name="sun.arch.data.model" value="64"/>
    <property name="java.vendor.url" value="https://openjdk.java.net/"/>
    <property name="os.name" value="Linux"/>
    <property name="java.vm.specification.version" value="17"/>
    <property name="sun.java.launcher" value="SUN_STANDARD"/>
    <property name="user.country" value="US"/>
    <property name="sun.boot.library.path" value="/home/mate/.jdks/jbr-17.0.7/lib"/>
    <property name="sun.java.command" value="/home/mate/IdeaProjects/thread-factoring/target/surefire/surefirebooter15047605098849353671.jar /home/mate/IdeaProjects/thread-factoring/target/surefire 2023-07-09T17-45-54_698-jvmRun1 surefire15720262684501344524tmp surefire_012967959698307812808tmp"/>
    <property name="jdk.debug" value="release"/>
    <property name="surefire.test.class.path" value="/home/mate/IdeaProjects/thread-factoring/target/test-classes:/home/mate/IdeaProjects/thread-factoring/target/classes:/home/mate/.m2/repository/com/google/guava/guava/23.0/guava-23.0.jar:/home/mate/.m2/repository/com/google/code/findbugs/jsr305/1.3.9/jsr305-1.3.9.jar:/home/mate/.m2/repository/com/google/errorprone/error_prone_annotations/2.0.18/error_prone_annotations-2.0.18.jar:/home/mate/.m2/repository/com/google/j2objc/j2objc-annotations/1.1/j2objc-annotations-1.1.jar:/home/mate/.m2/repository/org/codehaus/mojo/animal-sniffer-annotations/1.14/animal-sniffer-annotations-1.14.jar:/home/mate/.m2/repository/org/junit/jupiter/junit-jupiter-engine/5.6.2/junit-jupiter-engine-5.6.2.jar:/home/mate/.m2/repository/org/apiguardian/apiguardian-api/1.1.0/apiguardian-api-1.1.0.jar:/home/mate/.m2/repository/org/junit/platform/junit-platform-engine/1.6.2/junit-platform-engine-1.6.2.jar:/home/mate/.m2/repository/org/junit/jupiter/junit-jupiter-params/5.6.2/junit-jupiter-params-5.6.2.jar:/home/mate/.m2/repository/org/junit/jupiter/junit-jupiter-api/5.6.2/junit-jupiter-api-5.6.2.jar:/home/mate/.m2/repository/org/opentest4j/opentest4j/1.2.0/opentest4j-1.2.0.jar:/home/mate/.m2/repository/org/junit/platform/junit-platform-commons/1.6.2/junit-platform-commons-1.6.2.jar:/home/mate/.m2/repository/org/mockito/mockito-core/3.4.0/mockito-core-3.4.0.jar:/home/mate/.m2/repository/net/bytebuddy/byte-buddy/1.10.10/byte-buddy-1.10.10.jar:/home/mate/.m2/repository/net/bytebuddy/byte-buddy-agent/1.10.10/byte-buddy-agent-1.10.10.jar:/home/mate/.m2/repository/org/objenesis/objenesis/2.6/objenesis-2.6.jar:/home/mate/.m2/repository/org/jetbrains/annotations/24.0.1/annotations-24.0.1.jar:"/>
    <property name="sun.cpu.endian" value="little"/>
    <property name="user.home" value="/home/mate"/>
    <property name="user.language" value="en"/>
    <property name="java.specification.vendor" value="Oracle Corporation"/>
    <property name="java.version.date" value="2023-04-18"/>
    <property name="java.home" value="/home/mate/.jdks/jbr-17.0.7"/>
    <property name="file.separator" value="/"/>
    <property name="basedir" value="/home/mate/IdeaProjects/thread-factoring"/>
    <property name="java.vm.compressedOopsMode" value="32-bit"/>
    <property name="line.separator" value="&#10;"/>
    <property name="java.specification.name" value="Java Platform API Specification"/>
    <property name="java.vm.specification.vendor" value="Oracle Corporation"/>
    <property name="jbr.virtualization.information" value="No virtualization detected"/>
    <property name="surefire.real.class.path" value="/home/mate/IdeaProjects/thread-factoring/target/surefire/surefirebooter15047605098849353671.jar"/>
    <property name="sun.management.compiler" value="HotSpot 64-Bit Tiered Compilers"/>
    <property name="java.runtime.version" value="17.0.7+7-b1000.5"/>
    <property name="user.name" value="mate"/>
    <property name="path.separator" value=":"/>
    <property name="os.version" value="6.4.2-zen1-1-zen"/>
    <property name="java.runtime.name" value="OpenJDK Runtime Environment"/>
    <property name="file.encoding" value="UTF-8"/>
    <property name="java.vm.name" value="OpenJDK 64-Bit Server VM"/>
    <property name="java.vendor.version" value="JBR-17.0.7+7-1000.5-nomod"/>
    <property name="localRepository" value="/home/mate/.m2/repository"/>
    <property name="java.vendor.url.bug" value="https://bugreport.java.com/bugreport/"/>
    <property name="java.io.tmpdir" value="/tmp"/>
    <property name="idea.version" value="2023.1.3"/>
    <property name="java.version" value="17.0.7"/>
    <property name="user.dir" value="/home/mate/IdeaProjects/thread-factoring"/>
    <property name="os.arch" value="amd64"/>
    <property name="java.vm.specification.name" value="Java Virtual Machine Specification"/>
    <property name="native.encoding" value="UTF-8"/>
    <property name="java.library.path" value="/usr/java/packages/lib:/usr/lib64:/lib64:/lib:/usr/lib"/>
    <property name="java.vm.info" value="mixed mode"/>
    <property name="java.vendor" value="JetBrains s.r.o."/>
    <property name="java.vm.version" value="17.0.7+7-b1000.5"/>
    <property name="sun.io.unicode.encoding" value="UnicodeLittle"/>
    <property name="java.class.version" value="61.0"/>
  </properties>
  <testcase name="testThreadName{int}[1]" classname="com.epam.rd.autotasks.ThreadUnionTest" time="0.087"/>
  <testcase name="testThreadName{int}[2]" classname="com.epam.rd.autotasks.ThreadUnionTest" time="0.003"/>
  <testcase name="testThreadName{int}[3]" classname="com.epam.rd.autotasks.ThreadUnionTest" time="0.003"/>
  <testcase name="testShutdown" classname="com.epam.rd.autotasks.ThreadUnionTest" time="0.029"/>
  <testcase name="testResults" classname="com.epam.rd.autotasks.ThreadUnionTest" time="0.025"/>
  <testcase name="testThreadGenAndCount{int}[1]" classname="com.epam.rd.autotasks.ThreadUnionTest" time="0.008"/>
  <testcase name="testThreadGenAndCount{int}[2]" classname="com.epam.rd.autotasks.ThreadUnionTest" time="0.005"/>
  <testcase name="testThreadGenAndCount{int}[3]" classname="com.epam.rd.autotasks.ThreadUnionTest" time="0.011"/>
</testsuite>